\BOOKMARK [1][-]{section.1}{ .}{}% 1
\BOOKMARK [2][-]{subsection.1.1}{ : }{section.1}% 2
\BOOKMARK [2][-]{subsection.1.2}{ : \040}{section.1}% 3
\BOOKMARK [2][-]{subsection.1.3}{ \040 -}{section.1}% 4
\BOOKMARK [1][-]{section.2}{ }{}% 5
\BOOKMARK [1][-]{section.3}{ }{}% 6
\BOOKMARK [2][-]{subsection.3.1}{ }{section.3}% 7
\BOOKMARK [3][-]{subsubsection.3.1.1}{OneHotEncoding}{subsection.3.1}% 8
\BOOKMARK [3][-]{subsubsection.3.1.2}{Tf-Idf Encoding}{subsection.3.1}% 9
\BOOKMARK [3][-]{subsubsection.3.1.3}{ }{subsection.3.1}% 10
\BOOKMARK [3][-]{subsubsection.3.1.4}{ }{subsection.3.1}% 11
\BOOKMARK [3][-]{subsubsection.3.1.5}{ }{subsection.3.1}% 12
\BOOKMARK [3][-]{subsubsection.3.1.6}{ }{subsection.3.1}% 13
\BOOKMARK [1][-]{section.4}{ \040}{}% 14
\BOOKMARK [2][-]{subsubsection.4.0.1}{ \040}{section.4}% 15
\BOOKMARK [3][-]{subsubsection.4.0.2}{ }{subsubsection.4.0.1}% 16
\BOOKMARK [3][-]{subsubsection.4.0.3}{ \040}{subsubsection.4.0.1}% 17
\BOOKMARK [3][-]{subsubsection.4.0.4}{ \040 \040 \040 }{subsubsection.4.0.1}% 18
\BOOKMARK [3][-]{subsubsection.4.0.5}{ \040 \040}{subsubsection.4.0.1}% 19
\BOOKMARK [3][-]{subsubsection.4.0.6}{ \040 \040}{subsubsection.4.0.1}% 20
\BOOKMARK [3][-]{subsubsection.4.0.7}{ \040 \040 }{subsubsection.4.0.1}% 21
\BOOKMARK [1][-]{section.5}{}{}% 22
\BOOKMARK [1][-]{section.6}{}{}% 23
